Flow report for vga_basic
Tue Apr 11 16:44:07 2017
Quartus Prime Version 16.0.0 Build 211 04/27/2016 SJ Standard Edition


---------------------
; Table of Contents ;
---------------------
  1. Legal Notice
  2. Flow Summary
  3. Flow Settings
  4. Flow Non-Default Global Settings
  5. Flow Elapsed Time
  6. Flow OS Summary
  7. Flow Log
  8. Flow Messages
  9. Flow Suppressed Messages



----------------
; Legal Notice ;
----------------
Copyright (C) 1991-2016 Altera Corporation. All rights reserved.
Your use of Altera Corporation's design tools, logic functions 
and other software and tools, and its AMPP partner logic 
functions, and any output files from any of the foregoing 
(including device programming or simulation files), and any 
associated documentation or information are expressly subject 
to the terms and conditions of the Altera Program License 
Subscription Agreement, the Altera Quartus Prime License Agreement,
the Altera MegaCore Function License Agreement, or other 
applicable license agreement, including, without limitation, 
that your use is for the sole purpose of programming logic 
devices manufactured by Altera and sold by Altera or its 
authorized distributors.  Please refer to the applicable 
agreement for further details.



+-----------------------------------------------------------------------------------+
; Flow Summary                                                                      ;
+---------------------------------+-------------------------------------------------+
; Flow Status                     ; Successful - Tue Apr 11 16:43:57 2017           ;
; Quartus Prime Version           ; 16.0.0 Build 211 04/27/2016 SJ Standard Edition ;
; Revision Name                   ; vga_basic                                       ;
; Top-level Entity Name           ; Racquetball                                     ;
; Family                          ; Cyclone V                                       ;
; Device                          ; 5CSEMA5F31C6                                    ;
; Timing Models                   ; Final                                           ;
; Logic utilization (in ALMs)     ; 441 / 32,070 ( 1 % )                            ;
; Total registers                 ; 726                                             ;
; Total pins                      ; 92 / 457 ( 20 % )                               ;
; Total virtual pins              ; 0                                               ;
; Total block memory bits         ; 18,432 / 4,065,280 ( < 1 % )                    ;
; Total DSP Blocks                ; 1 / 87 ( 1 % )                                  ;
; Total HSSI RX PCSs              ; 0                                               ;
; Total HSSI PMA RX Deserializers ; 0                                               ;
; Total HSSI TX PCSs              ; 0                                               ;
; Total HSSI PMA TX Serializers   ; 0                                               ;
; Total PLLs                      ; 1 / 6 ( 17 % )                                  ;
; Total DLLs                      ; 0 / 4 ( 0 % )                                   ;
+---------------------------------+-------------------------------------------------+


+-----------------------------------------+
; Flow Settings                           ;
+-------------------+---------------------+
; Option            ; Setting             ;
+-------------------+---------------------+
; Start date & time ; 04/11/2017 16:42:28 ;
; Main task         ; Compilation         ;
; Revision Name     ; vga_basic           ;
+-------------------+---------------------+


+------------------------------------------------------------------------------------------------------------------------+
; Flow Non-Default Global Settings                                                                                       ;
+-------------------------------------+---------------------------------------+---------------+-------------+------------+
; Assignment Name                     ; Value                                 ; Default Value ; Entity Name ; Section Id ;
+-------------------------------------+---------------------------------------+---------------+-------------+------------+
; COMPILER_SIGNATURE_ID               ; 0.149194334829295                     ; --            ; --          ; --         ;
; MAX_CORE_JUNCTION_TEMP              ; 85                                    ; --            ; --          ; --         ;
; MIN_CORE_JUNCTION_TEMP              ; 0                                     ; --            ; --          ; --         ;
; MISC_FILE                           ; vram.bsf                              ; --            ; --          ; --         ;
; MISC_FILE                           ; vram_inst.vhd                         ; --            ; --          ; --         ;
; MISC_FILE                           ; vram.inc                              ; --            ; --          ; --         ;
; MISC_FILE                           ; vram.cmp                              ; --            ; --          ; --         ;
; MISC_FILE                           ; vrom.cmp                              ; --            ; --          ; --         ;
; MISC_FILE                           ; VGAPLL.cmp                            ; --            ; --          ; --         ;
; PARTITION_COLOR                     ; 16764057                              ; --            ; Racquetball ; Top        ;
; PARTITION_FITTER_PRESERVATION_LEVEL ; PLACEMENT_AND_ROUTING                 ; --            ; Racquetball ; Top        ;
; PARTITION_NETLIST_TYPE              ; SOURCE                                ; --            ; Racquetball ; Top        ;
; POWER_BOARD_THERMAL_MODEL           ; None (CONSERVATIVE)                   ; --            ; --          ; --         ;
; POWER_PRESET_COOLING_SOLUTION       ; 23 MM HEAT SINK WITH 200 LFPM AIRFLOW ; --            ; --          ; --         ;
; PROJECT_OUTPUT_DIRECTORY            ; output_files                          ; --            ; --          ; --         ;
; SEARCH_PATH                         ; VGAPLL/                               ; --            ; --          ; --         ;
; SEARCH_PATH                         ; output_files/                         ; --            ; --          ; --         ;
; SMART_RECOMPILE                     ; On                                    ; Off           ; --          ; --         ;
; SYNTHESIS_ONLY_QIP                  ; On                                    ; --            ; --          ; --         ;
; TOP_LEVEL_ENTITY                    ; Racquetball                           ; vga_basic     ; --          ; --         ;
+-------------------------------------+---------------------------------------+---------------+-------------+------------+


+-------------------------------------------------------------------------------------------------------------------------------+
; Flow Elapsed Time                                                                                                             ;
+---------------------------+--------------+-------------------------+---------------------+------------------------------------+
; Module Name               ; Elapsed Time ; Average Processors Used ; Peak Virtual Memory ; Total CPU Time (on all processors) ;
+---------------------------+--------------+-------------------------+---------------------+------------------------------------+
; Analysis & Synthesis      ; 00:00:28     ; 1.0                     ; 1383 MB             ; 00:00:54                           ;
; Fitter                    ; 00:00:48     ; 1.1                     ; 2543 MB             ; 00:01:20                           ;
; Assembler                 ; 00:00:09     ; 1.0                     ; 1221 MB             ; 00:00:08                           ;
; TimeQuest Timing Analyzer ; 00:00:09     ; 1.3                     ; 1569 MB             ; 00:00:11                           ;
; Total                     ; 00:01:34     ; --                      ; --                  ; 00:02:33                           ;
+---------------------------+--------------+-------------------------+---------------------+------------------------------------+


+---------------------------------------------------------------------------------------------+
; Flow OS Summary                                                                             ;
+---------------------------+------------------+----------------+------------+----------------+
; Module Name               ; Machine Hostname ; OS Name        ; OS Version ; Processor type ;
+---------------------------+------------------+----------------+------------+----------------+
; Analysis & Synthesis      ; puffer           ; Ubuntu 16.04.1 ; 16         ; x86_64         ;
; Fitter                    ; puffer           ; Ubuntu 16.04.1 ; 16         ; x86_64         ;
; Assembler                 ; puffer           ; Ubuntu 16.04.1 ; 16         ; x86_64         ;
; TimeQuest Timing Analyzer ; puffer           ; Ubuntu 16.04.1 ; 16         ; x86_64         ;
+---------------------------+------------------+----------------+------------+----------------+


------------
; Flow Log ;
------------
quartus_map --read_settings_files=on --write_settings_files=off vga_basic -c vga_basic
quartus_fit --read_settings_files=off --write_settings_files=off vga_basic -c vga_basic
quartus_asm --read_settings_files=off --write_settings_files=off vga_basic -c vga_basic
quartus_sta vga_basic -c vga_basic



